<testsuites id="" name="" tests="2" failures="0" skipped="0" errors="0" time="4.9487440000000005">
<testsuite name="Authentication.spec.ts" timestamp="2024-01-16T10:08:09.271Z" hostname="chromium" tests="2" failures="0" skipped="0" time="8.755" errors="0">
<testcase name="admin test" classname="Authentication.spec.ts" time="4.33">
<system-out>
<![CDATA[
[[ATTACHMENT|test-results/Authentication-admin-test-chromium/trace.zip]]
]]>
</system-out>
</testcase>
<testcase name="Describe Block › Admin test02" classname="Authentication.spec.ts" time="4.425">
<system-out>
<![CDATA[
[[ATTACHMENT|test-results/Authentication-Describe-Block-Admin-test02-chromium/trace.zip]]
]]>
</system-out>
</testcase>
</testsuite>
</testsuites>