<testsuites id="" name="" tests="9" failures="0" skipped="6" errors="0" time="43.565405">
<testsuite name="Alerts.spec.js" timestamp="2023-10-05T09:33:44.884Z" hostname="chromium" tests="3" failures="0" skipped="2" time="10.531" errors="0">
<testcase name="Alerts" classname="Alerts.spec.js" time="0">
<properties>
<property name="skip" value="">
</property>
</properties>
<skipped>
</skipped>
</testcase>
<testcase name="Confirmation Dialog" classname="Alerts.spec.js" time="0">
<properties>
<property name="skip" value="">
</property>
</properties>
<skipped>
</skipped>
</testcase>
<testcase name="Prompt Dialog" classname="Alerts.spec.js" time="10.531">
</testcase>
</testsuite>
<testsuite name="Alerts.spec.js" timestamp="2023-10-05T09:33:44.884Z" hostname="firefox" tests="3" failures="0" skipped="2" time="14.147" errors="0">
<testcase name="Alerts" classname="Alerts.spec.js" time="0">
<properties>
<property name="skip" value="">
</property>
</properties>
<skipped>
</skipped>
</testcase>
<testcase name="Confirmation Dialog" classname="Alerts.spec.js" time="0">
<properties>
<property name="skip" value="">
</property>
</properties>
<skipped>
</skipped>
</testcase>
<testcase name="Prompt Dialog" classname="Alerts.spec.js" time="14.147">
</testcase>
</testsuite>
<testsuite name="Alerts.spec.js" timestamp="2023-10-05T09:33:44.884Z" hostname="Microsoft Edge" tests="3" failures="0" skipped="2" time="10.355" errors="0">
<testcase name="Alerts" classname="Alerts.spec.js" time="0">
<properties>
<property name="skip" value="">
</property>
</properties>
<skipped>
</skipped>
</testcase>
<testcase name="Confirmation Dialog" classname="Alerts.spec.js" time="0">
<properties>
<property name="skip" value="">
</property>
</properties>
<skipped>
</skipped>
</testcase>
<testcase name="Prompt Dialog" classname="Alerts.spec.js" time="10.355">
</testcase>
</testsuite>
</testsuites>