<testsuites id="" name="" tests="1" failures="1" skipped="0" errors="0" time="13.132125">
<testsuite name="HandleInnerFrames.spec.ts" timestamp="2024-01-03T18:52:46.291Z" hostname="chromium" tests="1" failures="1" skipped="0" time="12.544" errors="0">
<testcase name="Frames" classname="HandleInnerFrames.spec.ts" time="12.544">
<failure message="HandleInnerFrames.spec.ts:4:5 Frames" type="FAILURE">
<![CDATA[  [chromium] › HandleInnerFrames.spec.ts:4:5 › Frames ──────────────────────────────────────────────

    Error: locator.check: Clicking the checkbox did not change its state
    Call log:
      - waiting for locator('//label[@for=\'i5\']//div[@id=\'i5\']')
      -   locator resolved to <div id="i5" jsshadow="" role="radio" aria-disabled="…>…</div>
      - attempting click action
      -   waiting for element to be visible, enabled and stable
      -     element is not enabled - waiting...
      -   element is visible, enabled and stable
      -   scrolling into view if needed
      -   done scrolling
      -   performing click action
      -   click action done
      -   waiting for scheduled navigations to finish
      -   navigations have finished


      17 |
      18 |     const childFrames = parentFrame.childFrames();
    > 19 |     await childFrames[0].locator("//label[@for='i5']//div[@id='i5']").check();
         |                                                                       ^
      20 |
      21 |     await page.waitForTimeout(2000);
      22 |

        at /Users/serdal/Documents/Playwright/tests/HandleInnerFrames.spec.ts:19:71

    attachment #1: screenshot (image/png) ──────────────────────────────────────────────────────────
    test-results/HandleInnerFrames-Frames-chromium/test-failed-1.png
    ────────────────────────────────────────────────────────────────────────────────────────────────
]]>
</failure>
<system-out>
<![CDATA[Number of frames :  [33m7[39m

[[ATTACHMENT|test-results/HandleInnerFrames-Frames-chromium/test-failed-1.png]]
]]>
</system-out>
</testcase>
</testsuite>
</testsuites>